[2025-07-25T04:18:01.490+0000] {local_task_job_runner.py:120} INFO - ::group::Pre task execution logs
[2025-07-25T04:18:01.547+0000] {taskinstance.py:2076} INFO - Dependencies all met for dep_context=non-requeueable deps ti=<TaskInstance: bank_data_pipeline.upload_data_to_postgres_2 manual__2025-07-25T04:17:56.965555+00:00 [queued]>
[2025-07-25T04:18:01.563+0000] {taskinstance.py:2076} INFO - Dependencies all met for dep_context=requeueable deps ti=<TaskInstance: bank_data_pipeline.upload_data_to_postgres_2 manual__2025-07-25T04:17:56.965555+00:00 [queued]>
[2025-07-25T04:18:01.564+0000] {taskinstance.py:2306} INFO - Starting attempt 1 of 3
[2025-07-25T04:18:01.579+0000] {taskinstance.py:2330} INFO - Executing <Task(PythonOperator): upload_data_to_postgres_2> on 2025-07-25 04:17:56.965555+00:00
[2025-07-25T04:18:01.589+0000] {standard_task_runner.py:63} INFO - Started process 636 to run task
[2025-07-25T04:18:01.596+0000] {standard_task_runner.py:90} INFO - Running: ['***', 'tasks', 'run', 'bank_data_pipeline', 'upload_data_to_postgres_2', 'manual__2025-07-25T04:17:56.965555+00:00', '--job-id', '15', '--raw', '--subdir', 'DAGS_FOLDER/bank_data_pipeline.py', '--cfg-path', '/tmp/tmpfhabxxzy']
[2025-07-25T04:18:01.598+0000] {standard_task_runner.py:91} INFO - Job 15: Subtask upload_data_to_postgres_2
[2025-07-25T04:18:01.620+0000] {logging_mixin.py:188} WARNING - /home/***/.local/lib/python3.10/site-packages/***/settings.py:195 DeprecationWarning: The sql_alchemy_conn option in [core] has been moved to the sql_alchemy_conn option in [database] - the old setting has been used, but please update your config.
[2025-07-25T04:18:01.662+0000] {task_command.py:426} INFO - Running <TaskInstance: bank_data_pipeline.upload_data_to_postgres_2 manual__2025-07-25T04:17:56.965555+00:00 [running]> on host f91aa71dc96e
[2025-07-25T04:18:01.776+0000] {taskinstance.py:2648} INFO - Exporting env vars: AIRFLOW_CTX_DAG_OWNER='data_engineering_team_2' AIRFLOW_CTX_DAG_ID='bank_data_pipeline' AIRFLOW_CTX_TASK_ID='upload_data_to_postgres_2' AIRFLOW_CTX_EXECUTION_DATE='2025-07-25T04:17:56.965555+00:00' AIRFLOW_CTX_TRY_NUMBER='1' AIRFLOW_CTX_DAG_RUN_ID='manual__2025-07-25T04:17:56.965555+00:00'
[2025-07-25T04:18:01.779+0000] {taskinstance.py:430} INFO - ::endgroup::
[2025-07-25T04:18:01.797+0000] {bank_data_pipeline.py:213} INFO - Starting data upload for run manual__2025-07-25T04:17:56.965555+00:00
[2025-07-25T04:18:02.236+0000] {bank_data_pipeline.py:231} INFO - Data upload completed successfully: Upload successful - 138 records uploaded

[2025-07-25T04:18:02.236+0000] {bank_data_pipeline.py:232} INFO - Task completed successfully
[2025-07-25T04:18:02.237+0000] {python.py:237} INFO - Done. Returned value was: {'status': 'success', 'message': 'Data uploaded successfully'}
[2025-07-25T04:18:02.237+0000] {taskinstance.py:441} INFO - ::group::Post task execution logs
[2025-07-25T04:18:02.318+0000] {taskinstance.py:1206} INFO - Marking task as SUCCESS. dag_id=bank_data_pipeline, task_id=upload_data_to_postgres_2, run_id=manual__2025-07-25T04:17:56.965555+00:00, execution_date=20250725T041756, start_date=20250725T041801, end_date=20250725T041802
[2025-07-25T04:18:02.384+0000] {local_task_job_runner.py:240} INFO - Task exited with return code 0
[2025-07-25T04:18:02.437+0000] {taskinstance.py:3498} INFO - 0 downstream tasks scheduled from follow-on schedule check
[2025-07-25T04:18:02.454+0000] {local_task_job_runner.py:222} INFO - ::endgroup::
