[2025-07-27T08:54:02.814+0000] {processor.py:161} INFO - Started process (PID=172) to work on /opt/airflow/dags/bank_data_pipeline.py
[2025-07-27T08:54:02.815+0000] {processor.py:830} INFO - Processing file /opt/airflow/dags/bank_data_pipeline.py for tasks to queue
[2025-07-27T08:54:02.816+0000] {logging_mixin.py:188} INFO - [2025-07-27T08:54:02.816+0000] {dagbag.py:545} INFO - Filling up the DagBag from /opt/airflow/dags/bank_data_pipeline.py
[2025-07-27T08:54:02.849+0000] {processor.py:840} INFO - DAG(s) 'bank_data_pipeline' retrieved from /opt/airflow/dags/bank_data_pipeline.py
[2025-07-27T08:54:03.059+0000] {logging_mixin.py:188} INFO - [2025-07-27T08:54:03.059+0000] {override.py:1829} INFO - Created Permission View: can delete on DAG:bank_data_pipeline
[2025-07-27T08:54:03.068+0000] {logging_mixin.py:188} INFO - [2025-07-27T08:54:03.067+0000] {override.py:1829} INFO - Created Permission View: can edit on DAG:bank_data_pipeline
[2025-07-27T08:54:03.074+0000] {logging_mixin.py:188} INFO - [2025-07-27T08:54:03.074+0000] {override.py:1829} INFO - Created Permission View: can read on DAG:bank_data_pipeline
[2025-07-27T08:54:03.074+0000] {logging_mixin.py:188} INFO - [2025-07-27T08:54:03.074+0000] {dag.py:3096} INFO - Sync 1 DAGs
[2025-07-27T08:54:03.085+0000] {logging_mixin.py:188} INFO - [2025-07-27T08:54:03.085+0000] {dag.py:3118} INFO - Creating ORM DAG for bank_data_pipeline
[2025-07-27T08:54:03.094+0000] {logging_mixin.py:188} INFO - [2025-07-27T08:54:03.094+0000] {dag.py:3954} INFO - Setting next_dagrun for bank_data_pipeline to 2025-07-26 00:00:00+00:00, run_after=2025-07-27 00:00:00+00:00
[2025-07-27T08:54:03.114+0000] {processor.py:183} INFO - Processing /opt/airflow/dags/bank_data_pipeline.py took 0.305 seconds
[2025-07-27T08:54:33.281+0000] {processor.py:161} INFO - Started process (PID=177) to work on /opt/airflow/dags/bank_data_pipeline.py
[2025-07-27T08:54:33.283+0000] {processor.py:830} INFO - Processing file /opt/airflow/dags/bank_data_pipeline.py for tasks to queue
[2025-07-27T08:54:33.285+0000] {logging_mixin.py:188} INFO - [2025-07-27T08:54:33.284+0000] {dagbag.py:545} INFO - Filling up the DagBag from /opt/airflow/dags/bank_data_pipeline.py
[2025-07-27T08:54:33.310+0000] {processor.py:840} INFO - DAG(s) 'bank_data_pipeline' retrieved from /opt/airflow/dags/bank_data_pipeline.py
[2025-07-27T08:54:33.340+0000] {logging_mixin.py:188} INFO - [2025-07-27T08:54:33.339+0000] {dag.py:3096} INFO - Sync 1 DAGs
[2025-07-27T08:54:33.362+0000] {logging_mixin.py:188} INFO - [2025-07-27T08:54:33.361+0000] {dag.py:3954} INFO - Setting next_dagrun for bank_data_pipeline to 2025-07-26 00:00:00+00:00, run_after=2025-07-27 00:00:00+00:00
[2025-07-27T08:54:33.379+0000] {processor.py:183} INFO - Processing /opt/airflow/dags/bank_data_pipeline.py took 0.108 seconds
[2025-07-27T08:55:03.471+0000] {processor.py:161} INFO - Started process (PID=182) to work on /opt/airflow/dags/bank_data_pipeline.py
[2025-07-27T08:55:03.473+0000] {processor.py:830} INFO - Processing file /opt/airflow/dags/bank_data_pipeline.py for tasks to queue
[2025-07-27T08:55:03.475+0000] {logging_mixin.py:188} INFO - [2025-07-27T08:55:03.474+0000] {dagbag.py:545} INFO - Filling up the DagBag from /opt/airflow/dags/bank_data_pipeline.py
[2025-07-27T08:55:03.504+0000] {processor.py:840} INFO - DAG(s) 'bank_data_pipeline' retrieved from /opt/airflow/dags/bank_data_pipeline.py
[2025-07-27T08:55:03.551+0000] {logging_mixin.py:188} INFO - [2025-07-27T08:55:03.550+0000] {dag.py:3096} INFO - Sync 1 DAGs
[2025-07-27T08:55:03.582+0000] {logging_mixin.py:188} INFO - [2025-07-27T08:55:03.581+0000] {dag.py:3954} INFO - Setting next_dagrun for bank_data_pipeline to 2025-07-26 00:00:00+00:00, run_after=2025-07-27 00:00:00+00:00
[2025-07-27T08:55:03.621+0000] {processor.py:183} INFO - Processing /opt/airflow/dags/bank_data_pipeline.py took 0.158 seconds
[2025-07-27T08:55:33.769+0000] {processor.py:161} INFO - Started process (PID=187) to work on /opt/airflow/dags/bank_data_pipeline.py
[2025-07-27T08:55:33.770+0000] {processor.py:830} INFO - Processing file /opt/airflow/dags/bank_data_pipeline.py for tasks to queue
[2025-07-27T08:55:33.772+0000] {logging_mixin.py:188} INFO - [2025-07-27T08:55:33.772+0000] {dagbag.py:545} INFO - Filling up the DagBag from /opt/airflow/dags/bank_data_pipeline.py
[2025-07-27T08:55:33.799+0000] {processor.py:840} INFO - DAG(s) 'bank_data_pipeline' retrieved from /opt/airflow/dags/bank_data_pipeline.py
[2025-07-27T08:55:33.847+0000] {logging_mixin.py:188} INFO - [2025-07-27T08:55:33.847+0000] {dag.py:3096} INFO - Sync 1 DAGs
[2025-07-27T08:55:33.880+0000] {logging_mixin.py:188} INFO - [2025-07-27T08:55:33.879+0000] {dag.py:3954} INFO - Setting next_dagrun for bank_data_pipeline to 2025-07-26 00:00:00+00:00, run_after=2025-07-27 00:00:00+00:00
[2025-07-27T08:55:33.909+0000] {processor.py:183} INFO - Processing /opt/airflow/dags/bank_data_pipeline.py took 0.152 seconds
[2025-07-27T08:56:04.021+0000] {processor.py:161} INFO - Started process (PID=192) to work on /opt/airflow/dags/bank_data_pipeline.py
[2025-07-27T08:56:04.022+0000] {processor.py:830} INFO - Processing file /opt/airflow/dags/bank_data_pipeline.py for tasks to queue
[2025-07-27T08:56:04.025+0000] {logging_mixin.py:188} INFO - [2025-07-27T08:56:04.024+0000] {dagbag.py:545} INFO - Filling up the DagBag from /opt/airflow/dags/bank_data_pipeline.py
[2025-07-27T08:56:04.055+0000] {processor.py:840} INFO - DAG(s) 'bank_data_pipeline' retrieved from /opt/airflow/dags/bank_data_pipeline.py
[2025-07-27T08:56:04.102+0000] {logging_mixin.py:188} INFO - [2025-07-27T08:56:04.101+0000] {dag.py:3096} INFO - Sync 1 DAGs
[2025-07-27T08:56:04.134+0000] {logging_mixin.py:188} INFO - [2025-07-27T08:56:04.134+0000] {dag.py:3954} INFO - Setting next_dagrun for bank_data_pipeline to 2025-07-26 00:00:00+00:00, run_after=2025-07-27 00:00:00+00:00
[2025-07-27T08:56:04.162+0000] {processor.py:183} INFO - Processing /opt/airflow/dags/bank_data_pipeline.py took 0.151 seconds
[2025-07-27T08:56:34.308+0000] {processor.py:161} INFO - Started process (PID=197) to work on /opt/airflow/dags/bank_data_pipeline.py
[2025-07-27T08:56:34.310+0000] {processor.py:830} INFO - Processing file /opt/airflow/dags/bank_data_pipeline.py for tasks to queue
[2025-07-27T08:56:34.312+0000] {logging_mixin.py:188} INFO - [2025-07-27T08:56:34.311+0000] {dagbag.py:545} INFO - Filling up the DagBag from /opt/airflow/dags/bank_data_pipeline.py
[2025-07-27T08:56:34.339+0000] {processor.py:840} INFO - DAG(s) 'bank_data_pipeline' retrieved from /opt/airflow/dags/bank_data_pipeline.py
[2025-07-27T08:56:34.387+0000] {logging_mixin.py:188} INFO - [2025-07-27T08:56:34.386+0000] {dag.py:3096} INFO - Sync 1 DAGs
[2025-07-27T08:56:34.421+0000] {logging_mixin.py:188} INFO - [2025-07-27T08:56:34.421+0000] {dag.py:3954} INFO - Setting next_dagrun for bank_data_pipeline to 2025-07-26 00:00:00+00:00, run_after=2025-07-27 00:00:00+00:00
[2025-07-27T08:56:34.451+0000] {processor.py:183} INFO - Processing /opt/airflow/dags/bank_data_pipeline.py took 0.153 seconds
[2025-07-27T08:57:04.553+0000] {processor.py:161} INFO - Started process (PID=202) to work on /opt/airflow/dags/bank_data_pipeline.py
[2025-07-27T08:57:04.553+0000] {processor.py:830} INFO - Processing file /opt/airflow/dags/bank_data_pipeline.py for tasks to queue
[2025-07-27T08:57:04.555+0000] {logging_mixin.py:188} INFO - [2025-07-27T08:57:04.555+0000] {dagbag.py:545} INFO - Filling up the DagBag from /opt/airflow/dags/bank_data_pipeline.py
[2025-07-27T08:57:04.582+0000] {processor.py:840} INFO - DAG(s) 'bank_data_pipeline' retrieved from /opt/airflow/dags/bank_data_pipeline.py
[2025-07-27T08:57:04.631+0000] {logging_mixin.py:188} INFO - [2025-07-27T08:57:04.631+0000] {dag.py:3096} INFO - Sync 1 DAGs
[2025-07-27T08:57:04.660+0000] {logging_mixin.py:188} INFO - [2025-07-27T08:57:04.659+0000] {dag.py:3954} INFO - Setting next_dagrun for bank_data_pipeline to 2025-07-26 00:00:00+00:00, run_after=2025-07-27 00:00:00+00:00
[2025-07-27T08:57:04.683+0000] {processor.py:183} INFO - Processing /opt/airflow/dags/bank_data_pipeline.py took 0.139 seconds
[2025-07-27T08:57:34.851+0000] {processor.py:161} INFO - Started process (PID=207) to work on /opt/airflow/dags/bank_data_pipeline.py
[2025-07-27T08:57:34.853+0000] {processor.py:830} INFO - Processing file /opt/airflow/dags/bank_data_pipeline.py for tasks to queue
[2025-07-27T08:57:34.855+0000] {logging_mixin.py:188} INFO - [2025-07-27T08:57:34.854+0000] {dagbag.py:545} INFO - Filling up the DagBag from /opt/airflow/dags/bank_data_pipeline.py
[2025-07-27T08:57:34.887+0000] {processor.py:840} INFO - DAG(s) 'bank_data_pipeline' retrieved from /opt/airflow/dags/bank_data_pipeline.py
[2025-07-27T08:57:34.935+0000] {logging_mixin.py:188} INFO - [2025-07-27T08:57:34.935+0000] {dag.py:3096} INFO - Sync 1 DAGs
[2025-07-27T08:57:34.970+0000] {logging_mixin.py:188} INFO - [2025-07-27T08:57:34.970+0000] {dag.py:3954} INFO - Setting next_dagrun for bank_data_pipeline to 2025-07-26 00:00:00+00:00, run_after=2025-07-27 00:00:00+00:00
[2025-07-27T08:57:35.005+0000] {processor.py:183} INFO - Processing /opt/airflow/dags/bank_data_pipeline.py took 0.166 seconds
[2025-07-27T08:58:05.095+0000] {processor.py:161} INFO - Started process (PID=212) to work on /opt/airflow/dags/bank_data_pipeline.py
[2025-07-27T08:58:05.096+0000] {processor.py:830} INFO - Processing file /opt/airflow/dags/bank_data_pipeline.py for tasks to queue
[2025-07-27T08:58:05.099+0000] {logging_mixin.py:188} INFO - [2025-07-27T08:58:05.098+0000] {dagbag.py:545} INFO - Filling up the DagBag from /opt/airflow/dags/bank_data_pipeline.py
[2025-07-27T08:58:05.129+0000] {processor.py:840} INFO - DAG(s) 'bank_data_pipeline' retrieved from /opt/airflow/dags/bank_data_pipeline.py
[2025-07-27T08:58:05.176+0000] {logging_mixin.py:188} INFO - [2025-07-27T08:58:05.176+0000] {dag.py:3096} INFO - Sync 1 DAGs
[2025-07-27T08:58:05.206+0000] {logging_mixin.py:188} INFO - [2025-07-27T08:58:05.206+0000] {dag.py:3954} INFO - Setting next_dagrun for bank_data_pipeline to 2025-07-26 00:00:00+00:00, run_after=2025-07-27 00:00:00+00:00
[2025-07-27T08:58:05.237+0000] {processor.py:183} INFO - Processing /opt/airflow/dags/bank_data_pipeline.py took 0.154 seconds
[2025-07-27T08:58:35.403+0000] {processor.py:161} INFO - Started process (PID=217) to work on /opt/airflow/dags/bank_data_pipeline.py
[2025-07-27T08:58:35.404+0000] {processor.py:830} INFO - Processing file /opt/airflow/dags/bank_data_pipeline.py for tasks to queue
[2025-07-27T08:58:35.407+0000] {logging_mixin.py:188} INFO - [2025-07-27T08:58:35.406+0000] {dagbag.py:545} INFO - Filling up the DagBag from /opt/airflow/dags/bank_data_pipeline.py
[2025-07-27T08:58:35.441+0000] {processor.py:840} INFO - DAG(s) 'bank_data_pipeline' retrieved from /opt/airflow/dags/bank_data_pipeline.py
[2025-07-27T08:58:35.482+0000] {logging_mixin.py:188} INFO - [2025-07-27T08:58:35.481+0000] {dag.py:3096} INFO - Sync 1 DAGs
[2025-07-27T08:58:35.513+0000] {logging_mixin.py:188} INFO - [2025-07-27T08:58:35.513+0000] {dag.py:3954} INFO - Setting next_dagrun for bank_data_pipeline to 2025-07-26 00:00:00+00:00, run_after=2025-07-27 00:00:00+00:00
[2025-07-27T08:58:35.541+0000] {processor.py:183} INFO - Processing /opt/airflow/dags/bank_data_pipeline.py took 0.148 seconds
[2025-07-27T08:59:05.656+0000] {processor.py:161} INFO - Started process (PID=222) to work on /opt/airflow/dags/bank_data_pipeline.py
[2025-07-27T08:59:05.657+0000] {processor.py:830} INFO - Processing file /opt/airflow/dags/bank_data_pipeline.py for tasks to queue
[2025-07-27T08:59:05.659+0000] {logging_mixin.py:188} INFO - [2025-07-27T08:59:05.659+0000] {dagbag.py:545} INFO - Filling up the DagBag from /opt/airflow/dags/bank_data_pipeline.py
[2025-07-27T08:59:05.686+0000] {processor.py:840} INFO - DAG(s) 'bank_data_pipeline' retrieved from /opt/airflow/dags/bank_data_pipeline.py
[2025-07-27T08:59:05.731+0000] {logging_mixin.py:188} INFO - [2025-07-27T08:59:05.730+0000] {dag.py:3096} INFO - Sync 1 DAGs
[2025-07-27T08:59:05.764+0000] {logging_mixin.py:188} INFO - [2025-07-27T08:59:05.764+0000] {dag.py:3954} INFO - Setting next_dagrun for bank_data_pipeline to 2025-07-26 00:00:00+00:00, run_after=2025-07-27 00:00:00+00:00
[2025-07-27T08:59:05.793+0000] {processor.py:183} INFO - Processing /opt/airflow/dags/bank_data_pipeline.py took 0.148 seconds
[2025-07-27T08:59:35.961+0000] {processor.py:161} INFO - Started process (PID=227) to work on /opt/airflow/dags/bank_data_pipeline.py
[2025-07-27T08:59:35.962+0000] {processor.py:830} INFO - Processing file /opt/airflow/dags/bank_data_pipeline.py for tasks to queue
[2025-07-27T08:59:35.964+0000] {logging_mixin.py:188} INFO - [2025-07-27T08:59:35.964+0000] {dagbag.py:545} INFO - Filling up the DagBag from /opt/airflow/dags/bank_data_pipeline.py
[2025-07-27T08:59:35.997+0000] {processor.py:840} INFO - DAG(s) 'bank_data_pipeline' retrieved from /opt/airflow/dags/bank_data_pipeline.py
[2025-07-27T08:59:36.039+0000] {logging_mixin.py:188} INFO - [2025-07-27T08:59:36.039+0000] {dag.py:3096} INFO - Sync 1 DAGs
[2025-07-27T08:59:36.072+0000] {logging_mixin.py:188} INFO - [2025-07-27T08:59:36.071+0000] {dag.py:3954} INFO - Setting next_dagrun for bank_data_pipeline to 2025-07-26 00:00:00+00:00, run_after=2025-07-27 00:00:00+00:00
[2025-07-27T08:59:36.103+0000] {processor.py:183} INFO - Processing /opt/airflow/dags/bank_data_pipeline.py took 0.154 seconds
[2025-07-27T09:00:06.200+0000] {processor.py:161} INFO - Started process (PID=232) to work on /opt/airflow/dags/bank_data_pipeline.py
[2025-07-27T09:00:06.202+0000] {processor.py:830} INFO - Processing file /opt/airflow/dags/bank_data_pipeline.py for tasks to queue
[2025-07-27T09:00:06.204+0000] {logging_mixin.py:188} INFO - [2025-07-27T09:00:06.203+0000] {dagbag.py:545} INFO - Filling up the DagBag from /opt/airflow/dags/bank_data_pipeline.py
[2025-07-27T09:00:06.230+0000] {processor.py:840} INFO - DAG(s) 'bank_data_pipeline' retrieved from /opt/airflow/dags/bank_data_pipeline.py
[2025-07-27T09:00:06.274+0000] {logging_mixin.py:188} INFO - [2025-07-27T09:00:06.273+0000] {dag.py:3096} INFO - Sync 1 DAGs
[2025-07-27T09:00:06.303+0000] {logging_mixin.py:188} INFO - [2025-07-27T09:00:06.303+0000] {dag.py:3954} INFO - Setting next_dagrun for bank_data_pipeline to 2025-07-26 00:00:00+00:00, run_after=2025-07-27 00:00:00+00:00
[2025-07-27T09:00:06.335+0000] {processor.py:183} INFO - Processing /opt/airflow/dags/bank_data_pipeline.py took 0.145 seconds
[2025-07-27T09:00:36.471+0000] {processor.py:161} INFO - Started process (PID=237) to work on /opt/airflow/dags/bank_data_pipeline.py
[2025-07-27T09:00:36.472+0000] {processor.py:830} INFO - Processing file /opt/airflow/dags/bank_data_pipeline.py for tasks to queue
[2025-07-27T09:00:36.475+0000] {logging_mixin.py:188} INFO - [2025-07-27T09:00:36.474+0000] {dagbag.py:545} INFO - Filling up the DagBag from /opt/airflow/dags/bank_data_pipeline.py
[2025-07-27T09:00:36.499+0000] {processor.py:840} INFO - DAG(s) 'bank_data_pipeline' retrieved from /opt/airflow/dags/bank_data_pipeline.py
[2025-07-27T09:00:36.538+0000] {logging_mixin.py:188} INFO - [2025-07-27T09:00:36.538+0000] {dag.py:3096} INFO - Sync 1 DAGs
[2025-07-27T09:00:36.564+0000] {logging_mixin.py:188} INFO - [2025-07-27T09:00:36.564+0000] {dag.py:3954} INFO - Setting next_dagrun for bank_data_pipeline to 2025-07-26 00:00:00+00:00, run_after=2025-07-27 00:00:00+00:00
[2025-07-27T09:00:36.586+0000] {processor.py:183} INFO - Processing /opt/airflow/dags/bank_data_pipeline.py took 0.123 seconds
[2025-07-27T09:01:06.683+0000] {processor.py:161} INFO - Started process (PID=270) to work on /opt/airflow/dags/bank_data_pipeline.py
[2025-07-27T09:01:06.684+0000] {processor.py:830} INFO - Processing file /opt/airflow/dags/bank_data_pipeline.py for tasks to queue
[2025-07-27T09:01:06.687+0000] {logging_mixin.py:188} INFO - [2025-07-27T09:01:06.687+0000] {dagbag.py:545} INFO - Filling up the DagBag from /opt/airflow/dags/bank_data_pipeline.py
[2025-07-27T09:01:06.729+0000] {processor.py:840} INFO - DAG(s) 'bank_data_pipeline' retrieved from /opt/airflow/dags/bank_data_pipeline.py
[2025-07-27T09:01:06.783+0000] {logging_mixin.py:188} INFO - [2025-07-27T09:01:06.782+0000] {dag.py:3096} INFO - Sync 1 DAGs
[2025-07-27T09:01:06.814+0000] {logging_mixin.py:188} INFO - [2025-07-27T09:01:06.814+0000] {dag.py:3954} INFO - Setting next_dagrun for bank_data_pipeline to 2025-07-27 00:00:00+00:00, run_after=2025-07-28 00:00:00+00:00
[2025-07-27T09:01:06.836+0000] {processor.py:183} INFO - Processing /opt/airflow/dags/bank_data_pipeline.py took 0.164 seconds
[2025-07-27T09:01:36.942+0000] {processor.py:161} INFO - Started process (PID=289) to work on /opt/airflow/dags/bank_data_pipeline.py
[2025-07-27T09:01:36.944+0000] {processor.py:830} INFO - Processing file /opt/airflow/dags/bank_data_pipeline.py for tasks to queue
[2025-07-27T09:01:36.947+0000] {logging_mixin.py:188} INFO - [2025-07-27T09:01:36.947+0000] {dagbag.py:545} INFO - Filling up the DagBag from /opt/airflow/dags/bank_data_pipeline.py
[2025-07-27T09:01:36.982+0000] {processor.py:840} INFO - DAG(s) 'bank_data_pipeline' retrieved from /opt/airflow/dags/bank_data_pipeline.py
[2025-07-27T09:01:37.033+0000] {logging_mixin.py:188} INFO - [2025-07-27T09:01:37.033+0000] {dag.py:3096} INFO - Sync 1 DAGs
[2025-07-27T09:01:37.070+0000] {logging_mixin.py:188} INFO - [2025-07-27T09:01:37.070+0000] {dag.py:3954} INFO - Setting next_dagrun for bank_data_pipeline to 2025-07-27 00:00:00+00:00, run_after=2025-07-28 00:00:00+00:00
[2025-07-27T09:01:37.102+0000] {processor.py:183} INFO - Processing /opt/airflow/dags/bank_data_pipeline.py took 0.171 seconds
[2025-07-27T09:02:07.200+0000] {processor.py:161} INFO - Started process (PID=294) to work on /opt/airflow/dags/bank_data_pipeline.py
[2025-07-27T09:02:07.202+0000] {processor.py:830} INFO - Processing file /opt/airflow/dags/bank_data_pipeline.py for tasks to queue
[2025-07-27T09:02:07.204+0000] {logging_mixin.py:188} INFO - [2025-07-27T09:02:07.203+0000] {dagbag.py:545} INFO - Filling up the DagBag from /opt/airflow/dags/bank_data_pipeline.py
[2025-07-27T09:02:07.229+0000] {processor.py:840} INFO - DAG(s) 'bank_data_pipeline' retrieved from /opt/airflow/dags/bank_data_pipeline.py
[2025-07-27T09:02:07.266+0000] {logging_mixin.py:188} INFO - [2025-07-27T09:02:07.265+0000] {dag.py:3096} INFO - Sync 1 DAGs
[2025-07-27T09:02:07.298+0000] {logging_mixin.py:188} INFO - [2025-07-27T09:02:07.298+0000] {dag.py:3954} INFO - Setting next_dagrun for bank_data_pipeline to 2025-07-27 00:00:00+00:00, run_after=2025-07-28 00:00:00+00:00
[2025-07-27T09:02:07.322+0000] {processor.py:183} INFO - Processing /opt/airflow/dags/bank_data_pipeline.py took 0.130 seconds
[2025-07-27T09:02:37.475+0000] {processor.py:161} INFO - Started process (PID=299) to work on /opt/airflow/dags/bank_data_pipeline.py
[2025-07-27T09:02:37.477+0000] {processor.py:830} INFO - Processing file /opt/airflow/dags/bank_data_pipeline.py for tasks to queue
[2025-07-27T09:02:37.479+0000] {logging_mixin.py:188} INFO - [2025-07-27T09:02:37.479+0000] {dagbag.py:545} INFO - Filling up the DagBag from /opt/airflow/dags/bank_data_pipeline.py
[2025-07-27T09:02:37.506+0000] {processor.py:840} INFO - DAG(s) 'bank_data_pipeline' retrieved from /opt/airflow/dags/bank_data_pipeline.py
[2025-07-27T09:02:37.557+0000] {logging_mixin.py:188} INFO - [2025-07-27T09:02:37.556+0000] {dag.py:3096} INFO - Sync 1 DAGs
[2025-07-27T09:02:37.594+0000] {logging_mixin.py:188} INFO - [2025-07-27T09:02:37.594+0000] {dag.py:3954} INFO - Setting next_dagrun for bank_data_pipeline to 2025-07-27 00:00:00+00:00, run_after=2025-07-28 00:00:00+00:00
[2025-07-27T09:02:37.621+0000] {processor.py:183} INFO - Processing /opt/airflow/dags/bank_data_pipeline.py took 0.155 seconds
[2025-07-27T09:03:07.672+0000] {processor.py:161} INFO - Started process (PID=304) to work on /opt/airflow/dags/bank_data_pipeline.py
[2025-07-27T09:03:07.673+0000] {processor.py:830} INFO - Processing file /opt/airflow/dags/bank_data_pipeline.py for tasks to queue
[2025-07-27T09:03:07.675+0000] {logging_mixin.py:188} INFO - [2025-07-27T09:03:07.675+0000] {dagbag.py:545} INFO - Filling up the DagBag from /opt/airflow/dags/bank_data_pipeline.py
[2025-07-27T09:03:07.700+0000] {processor.py:840} INFO - DAG(s) 'bank_data_pipeline' retrieved from /opt/airflow/dags/bank_data_pipeline.py
[2025-07-27T09:03:07.743+0000] {logging_mixin.py:188} INFO - [2025-07-27T09:03:07.743+0000] {dag.py:3096} INFO - Sync 1 DAGs
[2025-07-27T09:03:07.770+0000] {logging_mixin.py:188} INFO - [2025-07-27T09:03:07.770+0000] {dag.py:3954} INFO - Setting next_dagrun for bank_data_pipeline to 2025-07-27 00:00:00+00:00, run_after=2025-07-28 00:00:00+00:00
[2025-07-27T09:03:07.795+0000] {processor.py:183} INFO - Processing /opt/airflow/dags/bank_data_pipeline.py took 0.130 seconds
[2025-07-27T09:03:37.990+0000] {processor.py:161} INFO - Started process (PID=309) to work on /opt/airflow/dags/bank_data_pipeline.py
[2025-07-27T09:03:37.991+0000] {processor.py:830} INFO - Processing file /opt/airflow/dags/bank_data_pipeline.py for tasks to queue
[2025-07-27T09:03:37.993+0000] {logging_mixin.py:188} INFO - [2025-07-27T09:03:37.993+0000] {dagbag.py:545} INFO - Filling up the DagBag from /opt/airflow/dags/bank_data_pipeline.py
[2025-07-27T09:03:38.020+0000] {processor.py:840} INFO - DAG(s) 'bank_data_pipeline' retrieved from /opt/airflow/dags/bank_data_pipeline.py
[2025-07-27T09:03:38.064+0000] {logging_mixin.py:188} INFO - [2025-07-27T09:03:38.064+0000] {dag.py:3096} INFO - Sync 1 DAGs
[2025-07-27T09:03:38.095+0000] {logging_mixin.py:188} INFO - [2025-07-27T09:03:38.095+0000] {dag.py:3954} INFO - Setting next_dagrun for bank_data_pipeline to 2025-07-27 00:00:00+00:00, run_after=2025-07-28 00:00:00+00:00
[2025-07-27T09:03:38.124+0000] {processor.py:183} INFO - Processing /opt/airflow/dags/bank_data_pipeline.py took 0.143 seconds
[2025-07-27T09:04:08.210+0000] {processor.py:161} INFO - Started process (PID=314) to work on /opt/airflow/dags/bank_data_pipeline.py
[2025-07-27T09:04:08.211+0000] {processor.py:830} INFO - Processing file /opt/airflow/dags/bank_data_pipeline.py for tasks to queue
[2025-07-27T09:04:08.213+0000] {logging_mixin.py:188} INFO - [2025-07-27T09:04:08.213+0000] {dagbag.py:545} INFO - Filling up the DagBag from /opt/airflow/dags/bank_data_pipeline.py
[2025-07-27T09:04:08.239+0000] {processor.py:840} INFO - DAG(s) 'bank_data_pipeline' retrieved from /opt/airflow/dags/bank_data_pipeline.py
[2025-07-27T09:04:08.280+0000] {logging_mixin.py:188} INFO - [2025-07-27T09:04:08.279+0000] {dag.py:3096} INFO - Sync 1 DAGs
[2025-07-27T09:04:08.308+0000] {logging_mixin.py:188} INFO - [2025-07-27T09:04:08.308+0000] {dag.py:3954} INFO - Setting next_dagrun for bank_data_pipeline to 2025-07-27 00:00:00+00:00, run_after=2025-07-28 00:00:00+00:00
[2025-07-27T09:04:08.332+0000] {processor.py:183} INFO - Processing /opt/airflow/dags/bank_data_pipeline.py took 0.131 seconds
[2025-07-27T09:04:38.503+0000] {processor.py:161} INFO - Started process (PID=319) to work on /opt/airflow/dags/bank_data_pipeline.py
[2025-07-27T09:04:38.504+0000] {processor.py:830} INFO - Processing file /opt/airflow/dags/bank_data_pipeline.py for tasks to queue
[2025-07-27T09:04:38.507+0000] {logging_mixin.py:188} INFO - [2025-07-27T09:04:38.507+0000] {dagbag.py:545} INFO - Filling up the DagBag from /opt/airflow/dags/bank_data_pipeline.py
[2025-07-27T09:04:38.535+0000] {processor.py:840} INFO - DAG(s) 'bank_data_pipeline' retrieved from /opt/airflow/dags/bank_data_pipeline.py
[2025-07-27T09:04:38.577+0000] {logging_mixin.py:188} INFO - [2025-07-27T09:04:38.577+0000] {dag.py:3096} INFO - Sync 1 DAGs
[2025-07-27T09:04:38.610+0000] {logging_mixin.py:188} INFO - [2025-07-27T09:04:38.609+0000] {dag.py:3954} INFO - Setting next_dagrun for bank_data_pipeline to 2025-07-27 00:00:00+00:00, run_after=2025-07-28 00:00:00+00:00
[2025-07-27T09:04:38.638+0000] {processor.py:183} INFO - Processing /opt/airflow/dags/bank_data_pipeline.py took 0.143 seconds
[2025-07-27T09:05:08.707+0000] {processor.py:161} INFO - Started process (PID=324) to work on /opt/airflow/dags/bank_data_pipeline.py
[2025-07-27T09:05:08.709+0000] {processor.py:830} INFO - Processing file /opt/airflow/dags/bank_data_pipeline.py for tasks to queue
[2025-07-27T09:05:08.711+0000] {logging_mixin.py:188} INFO - [2025-07-27T09:05:08.711+0000] {dagbag.py:545} INFO - Filling up the DagBag from /opt/airflow/dags/bank_data_pipeline.py
[2025-07-27T09:05:08.740+0000] {processor.py:840} INFO - DAG(s) 'bank_data_pipeline' retrieved from /opt/airflow/dags/bank_data_pipeline.py
[2025-07-27T09:05:08.781+0000] {logging_mixin.py:188} INFO - [2025-07-27T09:05:08.781+0000] {dag.py:3096} INFO - Sync 1 DAGs
[2025-07-27T09:05:08.813+0000] {logging_mixin.py:188} INFO - [2025-07-27T09:05:08.813+0000] {dag.py:3954} INFO - Setting next_dagrun for bank_data_pipeline to 2025-07-27 00:00:00+00:00, run_after=2025-07-28 00:00:00+00:00
[2025-07-27T09:05:08.841+0000] {processor.py:183} INFO - Processing /opt/airflow/dags/bank_data_pipeline.py took 0.142 seconds
[2025-07-27T09:05:39.007+0000] {processor.py:161} INFO - Started process (PID=329) to work on /opt/airflow/dags/bank_data_pipeline.py
[2025-07-27T09:05:39.008+0000] {processor.py:830} INFO - Processing file /opt/airflow/dags/bank_data_pipeline.py for tasks to queue
[2025-07-27T09:05:39.011+0000] {logging_mixin.py:188} INFO - [2025-07-27T09:05:39.010+0000] {dagbag.py:545} INFO - Filling up the DagBag from /opt/airflow/dags/bank_data_pipeline.py
[2025-07-27T09:05:39.035+0000] {processor.py:840} INFO - DAG(s) 'bank_data_pipeline' retrieved from /opt/airflow/dags/bank_data_pipeline.py
[2025-07-27T09:05:39.076+0000] {logging_mixin.py:188} INFO - [2025-07-27T09:05:39.075+0000] {dag.py:3096} INFO - Sync 1 DAGs
[2025-07-27T09:05:39.105+0000] {logging_mixin.py:188} INFO - [2025-07-27T09:05:39.105+0000] {dag.py:3954} INFO - Setting next_dagrun for bank_data_pipeline to 2025-07-27 00:00:00+00:00, run_after=2025-07-28 00:00:00+00:00
[2025-07-27T09:05:39.132+0000] {processor.py:183} INFO - Processing /opt/airflow/dags/bank_data_pipeline.py took 0.132 seconds
[2025-07-27T09:06:09.213+0000] {processor.py:161} INFO - Started process (PID=334) to work on /opt/airflow/dags/bank_data_pipeline.py
[2025-07-27T09:06:09.214+0000] {processor.py:830} INFO - Processing file /opt/airflow/dags/bank_data_pipeline.py for tasks to queue
[2025-07-27T09:06:09.216+0000] {logging_mixin.py:188} INFO - [2025-07-27T09:06:09.216+0000] {dagbag.py:545} INFO - Filling up the DagBag from /opt/airflow/dags/bank_data_pipeline.py
[2025-07-27T09:06:09.239+0000] {processor.py:840} INFO - DAG(s) 'bank_data_pipeline' retrieved from /opt/airflow/dags/bank_data_pipeline.py
[2025-07-27T09:06:09.276+0000] {logging_mixin.py:188} INFO - [2025-07-27T09:06:09.276+0000] {dag.py:3096} INFO - Sync 1 DAGs
[2025-07-27T09:06:09.304+0000] {logging_mixin.py:188} INFO - [2025-07-27T09:06:09.304+0000] {dag.py:3954} INFO - Setting next_dagrun for bank_data_pipeline to 2025-07-27 00:00:00+00:00, run_after=2025-07-28 00:00:00+00:00
[2025-07-27T09:06:09.328+0000] {processor.py:183} INFO - Processing /opt/airflow/dags/bank_data_pipeline.py took 0.125 seconds
[2025-07-27T09:06:39.499+0000] {processor.py:161} INFO - Started process (PID=339) to work on /opt/airflow/dags/bank_data_pipeline.py
[2025-07-27T09:06:39.500+0000] {processor.py:830} INFO - Processing file /opt/airflow/dags/bank_data_pipeline.py for tasks to queue
[2025-07-27T09:06:39.503+0000] {logging_mixin.py:188} INFO - [2025-07-27T09:06:39.502+0000] {dagbag.py:545} INFO - Filling up the DagBag from /opt/airflow/dags/bank_data_pipeline.py
[2025-07-27T09:06:39.533+0000] {processor.py:840} INFO - DAG(s) 'bank_data_pipeline' retrieved from /opt/airflow/dags/bank_data_pipeline.py
[2025-07-27T09:06:39.580+0000] {logging_mixin.py:188} INFO - [2025-07-27T09:06:39.580+0000] {dag.py:3096} INFO - Sync 1 DAGs
[2025-07-27T09:06:39.617+0000] {logging_mixin.py:188} INFO - [2025-07-27T09:06:39.616+0000] {dag.py:3954} INFO - Setting next_dagrun for bank_data_pipeline to 2025-07-27 00:00:00+00:00, run_after=2025-07-28 00:00:00+00:00
[2025-07-27T09:06:39.647+0000] {processor.py:183} INFO - Processing /opt/airflow/dags/bank_data_pipeline.py took 0.157 seconds
[2025-07-27T09:07:09.704+0000] {processor.py:161} INFO - Started process (PID=344) to work on /opt/airflow/dags/bank_data_pipeline.py
[2025-07-27T09:07:09.705+0000] {processor.py:830} INFO - Processing file /opt/airflow/dags/bank_data_pipeline.py for tasks to queue
[2025-07-27T09:07:09.708+0000] {logging_mixin.py:188} INFO - [2025-07-27T09:07:09.707+0000] {dagbag.py:545} INFO - Filling up the DagBag from /opt/airflow/dags/bank_data_pipeline.py
[2025-07-27T09:07:09.735+0000] {processor.py:840} INFO - DAG(s) 'bank_data_pipeline' retrieved from /opt/airflow/dags/bank_data_pipeline.py
[2025-07-27T09:07:09.781+0000] {logging_mixin.py:188} INFO - [2025-07-27T09:07:09.781+0000] {dag.py:3096} INFO - Sync 1 DAGs
[2025-07-27T09:07:09.810+0000] {logging_mixin.py:188} INFO - [2025-07-27T09:07:09.810+0000] {dag.py:3954} INFO - Setting next_dagrun for bank_data_pipeline to 2025-07-27 00:00:00+00:00, run_after=2025-07-28 00:00:00+00:00
[2025-07-27T09:07:09.835+0000] {processor.py:183} INFO - Processing /opt/airflow/dags/bank_data_pipeline.py took 0.142 seconds
[2025-07-27T09:07:40.032+0000] {processor.py:161} INFO - Started process (PID=349) to work on /opt/airflow/dags/bank_data_pipeline.py
[2025-07-27T09:07:40.033+0000] {processor.py:830} INFO - Processing file /opt/airflow/dags/bank_data_pipeline.py for tasks to queue
[2025-07-27T09:07:40.036+0000] {logging_mixin.py:188} INFO - [2025-07-27T09:07:40.035+0000] {dagbag.py:545} INFO - Filling up the DagBag from /opt/airflow/dags/bank_data_pipeline.py
[2025-07-27T09:07:40.063+0000] {processor.py:840} INFO - DAG(s) 'bank_data_pipeline' retrieved from /opt/airflow/dags/bank_data_pipeline.py
[2025-07-27T09:07:40.114+0000] {logging_mixin.py:188} INFO - [2025-07-27T09:07:40.114+0000] {dag.py:3096} INFO - Sync 1 DAGs
[2025-07-27T09:07:40.163+0000] {logging_mixin.py:188} INFO - [2025-07-27T09:07:40.162+0000] {dag.py:3954} INFO - Setting next_dagrun for bank_data_pipeline to 2025-07-27 00:00:00+00:00, run_after=2025-07-28 00:00:00+00:00
[2025-07-27T09:07:40.186+0000] {processor.py:183} INFO - Processing /opt/airflow/dags/bank_data_pipeline.py took 0.163 seconds
[2025-07-27T09:08:10.375+0000] {processor.py:161} INFO - Started process (PID=354) to work on /opt/airflow/dags/bank_data_pipeline.py
[2025-07-27T09:08:10.377+0000] {processor.py:830} INFO - Processing file /opt/airflow/dags/bank_data_pipeline.py for tasks to queue
[2025-07-27T09:08:10.379+0000] {logging_mixin.py:188} INFO - [2025-07-27T09:08:10.379+0000] {dagbag.py:545} INFO - Filling up the DagBag from /opt/airflow/dags/bank_data_pipeline.py
[2025-07-27T09:08:10.419+0000] {processor.py:840} INFO - DAG(s) 'bank_data_pipeline' retrieved from /opt/airflow/dags/bank_data_pipeline.py
[2025-07-27T09:08:10.472+0000] {logging_mixin.py:188} INFO - [2025-07-27T09:08:10.472+0000] {dag.py:3096} INFO - Sync 1 DAGs
[2025-07-27T09:08:10.509+0000] {logging_mixin.py:188} INFO - [2025-07-27T09:08:10.509+0000] {dag.py:3954} INFO - Setting next_dagrun for bank_data_pipeline to 2025-07-27 00:00:00+00:00, run_after=2025-07-28 00:00:00+00:00
[2025-07-27T09:08:10.546+0000] {processor.py:183} INFO - Processing /opt/airflow/dags/bank_data_pipeline.py took 0.182 seconds
[2025-07-27T09:08:40.789+0000] {processor.py:161} INFO - Started process (PID=359) to work on /opt/airflow/dags/bank_data_pipeline.py
[2025-07-27T09:08:40.791+0000] {processor.py:830} INFO - Processing file /opt/airflow/dags/bank_data_pipeline.py for tasks to queue
[2025-07-27T09:08:40.793+0000] {logging_mixin.py:188} INFO - [2025-07-27T09:08:40.793+0000] {dagbag.py:545} INFO - Filling up the DagBag from /opt/airflow/dags/bank_data_pipeline.py
[2025-07-27T09:08:40.819+0000] {processor.py:840} INFO - DAG(s) 'bank_data_pipeline' retrieved from /opt/airflow/dags/bank_data_pipeline.py
[2025-07-27T09:08:40.872+0000] {logging_mixin.py:188} INFO - [2025-07-27T09:08:40.871+0000] {dag.py:3096} INFO - Sync 1 DAGs
[2025-07-27T09:08:40.907+0000] {logging_mixin.py:188} INFO - [2025-07-27T09:08:40.906+0000] {dag.py:3954} INFO - Setting next_dagrun for bank_data_pipeline to 2025-07-27 00:00:00+00:00, run_after=2025-07-28 00:00:00+00:00
[2025-07-27T09:08:40.935+0000] {processor.py:183} INFO - Processing /opt/airflow/dags/bank_data_pipeline.py took 0.157 seconds
[2025-07-27T09:09:11.009+0000] {processor.py:161} INFO - Started process (PID=364) to work on /opt/airflow/dags/bank_data_pipeline.py
[2025-07-27T09:09:11.010+0000] {processor.py:830} INFO - Processing file /opt/airflow/dags/bank_data_pipeline.py for tasks to queue
[2025-07-27T09:09:11.013+0000] {logging_mixin.py:188} INFO - [2025-07-27T09:09:11.012+0000] {dagbag.py:545} INFO - Filling up the DagBag from /opt/airflow/dags/bank_data_pipeline.py
[2025-07-27T09:09:11.039+0000] {processor.py:840} INFO - DAG(s) 'bank_data_pipeline' retrieved from /opt/airflow/dags/bank_data_pipeline.py
[2025-07-27T09:09:11.083+0000] {logging_mixin.py:188} INFO - [2025-07-27T09:09:11.083+0000] {dag.py:3096} INFO - Sync 1 DAGs
[2025-07-27T09:09:11.114+0000] {logging_mixin.py:188} INFO - [2025-07-27T09:09:11.114+0000] {dag.py:3954} INFO - Setting next_dagrun for bank_data_pipeline to 2025-07-27 00:00:00+00:00, run_after=2025-07-28 00:00:00+00:00
[2025-07-27T09:09:11.143+0000] {processor.py:183} INFO - Processing /opt/airflow/dags/bank_data_pipeline.py took 0.142 seconds
