[2025-07-27T09:00:46.181+0000] {local_task_job_runner.py:120} INFO - ::group::Pre task execution logs
[2025-07-27T09:00:46.224+0000] {taskinstance.py:2076} INFO - Dependencies all met for dep_context=non-requeueable deps ti=<TaskInstance: bank_data_pipeline.upload_data_to_postgres scheduled__2025-07-26T00:00:00+00:00 [queued]>
[2025-07-27T09:00:46.234+0000] {taskinstance.py:2076} INFO - Dependencies all met for dep_context=requeueable deps ti=<TaskInstance: bank_data_pipeline.upload_data_to_postgres scheduled__2025-07-26T00:00:00+00:00 [queued]>
[2025-07-27T09:00:46.235+0000] {taskinstance.py:2306} INFO - Starting attempt 1 of 3
[2025-07-27T09:00:46.250+0000] {taskinstance.py:2330} INFO - Executing <Task(PythonOperator): upload_data_to_postgres> on 2025-07-26 00:00:00+00:00
[2025-07-27T09:00:46.257+0000] {standard_task_runner.py:63} INFO - Started process 252 to run task
[2025-07-27T09:00:46.264+0000] {standard_task_runner.py:90} INFO - Running: ['***', 'tasks', 'run', 'bank_data_pipeline', 'upload_data_to_postgres', 'scheduled__2025-07-26T00:00:00+00:00', '--job-id', '5', '--raw', '--subdir', 'DAGS_FOLDER/bank_data_pipeline.py', '--cfg-path', '/tmp/tmp5mwgnjr0']
[2025-07-27T09:00:46.266+0000] {standard_task_runner.py:91} INFO - Job 5: Subtask upload_data_to_postgres
[2025-07-27T09:00:46.288+0000] {logging_mixin.py:188} WARNING - /home/***/.local/lib/python3.10/site-packages/***/settings.py:195 DeprecationWarning: The sql_alchemy_conn option in [core] has been moved to the sql_alchemy_conn option in [database] - the old setting has been used, but please update your config.
[2025-07-27T09:00:46.344+0000] {task_command.py:426} INFO - Running <TaskInstance: bank_data_pipeline.upload_data_to_postgres scheduled__2025-07-26T00:00:00+00:00 [running]> on host 9847cdb5c5e6
[2025-07-27T09:00:46.463+0000] {taskinstance.py:2648} INFO - Exporting env vars: AIRFLOW_CTX_DAG_OWNER='data_engineering_team' AIRFLOW_CTX_DAG_ID='bank_data_pipeline' AIRFLOW_CTX_TASK_ID='upload_data_to_postgres' AIRFLOW_CTX_EXECUTION_DATE='2025-07-26T00:00:00+00:00' AIRFLOW_CTX_TRY_NUMBER='1' AIRFLOW_CTX_DAG_RUN_ID='scheduled__2025-07-26T00:00:00+00:00'
[2025-07-27T09:00:46.465+0000] {taskinstance.py:430} INFO - ::endgroup::
[2025-07-27T09:00:46.479+0000] {bank_data_pipeline.py:213} INFO - Starting data upload for run scheduled__2025-07-26T00:00:00+00:00
[2025-07-27T09:00:46.852+0000] {bank_data_pipeline.py:231} INFO - Data upload completed successfully: Upload successful - 129 records uploaded

[2025-07-27T09:00:46.852+0000] {bank_data_pipeline.py:232} INFO - Task completed successfully
[2025-07-27T09:00:46.853+0000] {python.py:237} INFO - Done. Returned value was: {'status': 'success', 'message': 'Data uploaded successfully'}
[2025-07-27T09:00:46.853+0000] {taskinstance.py:441} INFO - ::group::Post task execution logs
[2025-07-27T09:00:46.895+0000] {taskinstance.py:1206} INFO - Marking task as SUCCESS. dag_id=bank_data_pipeline, task_id=upload_data_to_postgres, run_id=scheduled__2025-07-26T00:00:00+00:00, execution_date=20250726T000000, start_date=20250727T090046, end_date=20250727T090046
[2025-07-27T09:00:46.955+0000] {local_task_job_runner.py:240} INFO - Task exited with return code 0
[2025-07-27T09:00:47.001+0000] {taskinstance.py:3498} INFO - 1 downstream tasks scheduled from follow-on schedule check
[2025-07-27T09:00:47.003+0000] {local_task_job_runner.py:222} INFO - ::endgroup::
