[2025-07-16T15:39:37.529+0000] {local_task_job_runner.py:120} INFO - ::group::Pre task execution logs
[2025-07-16T15:39:37.578+0000] {taskinstance.py:2076} INFO - Dependencies all met for dep_context=non-requeueable deps ti=<TaskInstance: bank_data_pipeline.log_pipeline_start manual__2025-07-16T15:37:38.606464+00:00 [queued]>
[2025-07-16T15:39:37.589+0000] {taskinstance.py:2076} INFO - Dependencies all met for dep_context=requeueable deps ti=<TaskInstance: bank_data_pipeline.log_pipeline_start manual__2025-07-16T15:37:38.606464+00:00 [queued]>
[2025-07-16T15:39:37.589+0000] {taskinstance.py:2306} INFO - Starting attempt 1 of 3
[2025-07-16T15:39:37.605+0000] {taskinstance.py:2330} INFO - Executing <Task(PythonOperator): log_pipeline_start> on 2025-07-16 15:37:38.606464+00:00
[2025-07-16T15:39:37.616+0000] {logging_mixin.py:188} WARNING - /home/***/.local/lib/python3.12/site-packages/***/task/task_runner/standard_task_runner.py:61 DeprecationWarning: This process (pid=304) is multi-threaded, use of fork() may lead to deadlocks in the child.
[2025-07-16T15:39:37.617+0000] {standard_task_runner.py:63} INFO - Started process 305 to run task
[2025-07-16T15:39:37.618+0000] {standard_task_runner.py:90} INFO - Running: ['***', 'tasks', 'run', 'bank_data_pipeline', 'log_pipeline_start', 'manual__2025-07-16T15:37:38.606464+00:00', '--job-id', '6', '--raw', '--subdir', 'DAGS_FOLDER/bank_data_pipeline.py', '--cfg-path', '/tmp/tmp6sgkm8dx']
[2025-07-16T15:39:37.622+0000] {standard_task_runner.py:91} INFO - Job 6: Subtask log_pipeline_start
[2025-07-16T15:39:37.651+0000] {logging_mixin.py:188} WARNING - /home/***/.local/lib/python3.12/site-packages/***/settings.py:195 DeprecationWarning: The sql_alchemy_conn option in [core] has been moved to the sql_alchemy_conn option in [database] - the old setting has been used, but please update your config.
[2025-07-16T15:39:37.703+0000] {task_command.py:426} INFO - Running <TaskInstance: bank_data_pipeline.log_pipeline_start manual__2025-07-16T15:37:38.606464+00:00 [running]> on host 0cebe846fd9f
[2025-07-16T15:39:37.819+0000] {taskinstance.py:2648} INFO - Exporting env vars: AIRFLOW_CTX_DAG_OWNER='data_engineering_team' AIRFLOW_CTX_DAG_ID='bank_data_pipeline' AIRFLOW_CTX_TASK_ID='log_pipeline_start' AIRFLOW_CTX_EXECUTION_DATE='2025-07-16T15:37:38.606464+00:00' AIRFLOW_CTX_TRY_NUMBER='1' AIRFLOW_CTX_DAG_RUN_ID='manual__2025-07-16T15:37:38.606464+00:00'
[2025-07-16T15:39:37.820+0000] {taskinstance.py:430} INFO - ::endgroup::
[2025-07-16T15:39:37.849+0000] {logging_mixin.py:188} WARNING - /home/***/.local/lib/python3.12/site-packages/***/utils/context.py:320 AirflowContextDeprecationWarning: Accessing 'execution_date' from the template is deprecated and will be removed in a future version. Please use 'data_interval_start' or 'logical_date' instead.
[2025-07-16T15:39:37.850+0000] {logging_mixin.py:188} INFO - 2025-07-16 15:39:37,849 - pipeline_logger - ERROR - Failed to log task start: can't adapt type 'Proxy'
[2025-07-16T15:39:37.849+0000] {pipeline_logger.py:79} ERROR - Failed to log task start: can't adapt type 'Proxy'
[2025-07-16T15:39:37.850+0000] {logging_mixin.py:188} INFO - ✅ Task log_pipeline_start started for run manual__2025-07-16T15:37:38.606464+00:00
[2025-07-16T15:39:37.850+0000] {python.py:237} INFO - Done. Returned value was: None
[2025-07-16T15:39:37.851+0000] {taskinstance.py:441} INFO - ::group::Post task execution logs
[2025-07-16T15:39:37.867+0000] {taskinstance.py:1206} INFO - Marking task as SUCCESS. dag_id=bank_data_pipeline, task_id=log_pipeline_start, run_id=manual__2025-07-16T15:37:38.606464+00:00, execution_date=20250716T153738, start_date=20250716T153937, end_date=20250716T153937
[2025-07-16T15:39:37.912+0000] {local_task_job_runner.py:240} INFO - Task exited with return code 0
[2025-07-16T15:39:37.971+0000] {taskinstance.py:3498} INFO - 1 downstream tasks scheduled from follow-on schedule check
[2025-07-16T15:39:37.973+0000] {local_task_job_runner.py:222} INFO - ::endgroup::
