[2025-07-25T04:18:02.716+0000] {local_task_job_runner.py:120} INFO - ::group::Pre task execution logs
[2025-07-25T04:18:02.754+0000] {taskinstance.py:2076} INFO - Dependencies all met for dep_context=non-requeueable deps ti=<TaskInstance: bank_data_pipeline.cleanup_and_notify_2 manual__2025-07-25T04:17:56.965555+00:00 [queued]>
[2025-07-25T04:18:02.763+0000] {taskinstance.py:2076} INFO - Dependencies all met for dep_context=requeueable deps ti=<TaskInstance: bank_data_pipeline.cleanup_and_notify_2 manual__2025-07-25T04:17:56.965555+00:00 [queued]>
[2025-07-25T04:18:02.763+0000] {taskinstance.py:2306} INFO - Starting attempt 1 of 3
[2025-07-25T04:18:02.777+0000] {taskinstance.py:2330} INFO - Executing <Task(PythonOperator): cleanup_and_notify_2> on 2025-07-25 04:17:56.965555+00:00
[2025-07-25T04:18:02.788+0000] {standard_task_runner.py:63} INFO - Started process 639 to run task
[2025-07-25T04:18:02.794+0000] {standard_task_runner.py:90} INFO - Running: ['***', 'tasks', 'run', 'bank_data_pipeline', 'cleanup_and_notify_2', 'manual__2025-07-25T04:17:56.965555+00:00', '--job-id', '16', '--raw', '--subdir', 'DAGS_FOLDER/bank_data_pipeline.py', '--cfg-path', '/tmp/tmpsncvulys']
[2025-07-25T04:18:02.797+0000] {standard_task_runner.py:91} INFO - Job 16: Subtask cleanup_and_notify_2
[2025-07-25T04:18:02.820+0000] {logging_mixin.py:188} WARNING - /home/***/.local/lib/python3.10/site-packages/***/settings.py:195 DeprecationWarning: The sql_alchemy_conn option in [core] has been moved to the sql_alchemy_conn option in [database] - the old setting has been used, but please update your config.
[2025-07-25T04:18:02.865+0000] {task_command.py:426} INFO - Running <TaskInstance: bank_data_pipeline.cleanup_and_notify_2 manual__2025-07-25T04:17:56.965555+00:00 [running]> on host f91aa71dc96e
[2025-07-25T04:18:03.026+0000] {taskinstance.py:2648} INFO - Exporting env vars: AIRFLOW_CTX_DAG_OWNER='data_engineering_team_2' AIRFLOW_CTX_DAG_ID='bank_data_pipeline' AIRFLOW_CTX_TASK_ID='cleanup_and_notify_2' AIRFLOW_CTX_EXECUTION_DATE='2025-07-25T04:17:56.965555+00:00' AIRFLOW_CTX_TRY_NUMBER='1' AIRFLOW_CTX_DAG_RUN_ID='manual__2025-07-25T04:17:56.965555+00:00'
[2025-07-25T04:18:03.028+0000] {taskinstance.py:430} INFO - ::endgroup::
[2025-07-25T04:18:03.052+0000] {bank_data_pipeline.py:282} INFO - Pipeline completed successfully for run manual__2025-07-25T04:17:56.965555+00:00
[2025-07-25T04:18:03.053+0000] {bank_data_pipeline.py:283} INFO - Task completed successfully
[2025-07-25T04:18:03.053+0000] {logging_mixin.py:188} INFO - Pipeline completed successfully for run manual__2025-07-25T04:17:56.965555+00:00
[2025-07-25T04:18:03.053+0000] {python.py:237} INFO - Done. Returned value was: {'status': 'success', 'message': 'Pipeline completed successfully'}
[2025-07-25T04:18:03.053+0000] {taskinstance.py:441} INFO - ::group::Post task execution logs
[2025-07-25T04:18:03.103+0000] {taskinstance.py:1206} INFO - Marking task as SUCCESS. dag_id=bank_data_pipeline, task_id=cleanup_and_notify_2, run_id=manual__2025-07-25T04:17:56.965555+00:00, execution_date=20250725T041756, start_date=20250725T041802, end_date=20250725T041803
[2025-07-25T04:18:03.171+0000] {local_task_job_runner.py:240} INFO - Task exited with return code 0
[2025-07-25T04:18:03.197+0000] {taskinstance.py:3498} INFO - 0 downstream tasks scheduled from follow-on schedule check
[2025-07-25T04:18:03.199+0000] {local_task_job_runner.py:222} INFO - ::endgroup::
