[2025-07-25T04:28:28.525+0000] {local_task_job_runner.py:120} INFO - ::group::Pre task execution logs
[2025-07-25T04:28:28.553+0000] {taskinstance.py:2076} INFO - Dependencies all met for dep_context=non-requeueable deps ti=<TaskInstance: bank_data_pipeline.upload_data_to_postgres manual__2025-07-25T04:28:23.731358+00:00 [queued]>
[2025-07-25T04:28:28.559+0000] {taskinstance.py:2076} INFO - Dependencies all met for dep_context=requeueable deps ti=<TaskInstance: bank_data_pipeline.upload_data_to_postgres manual__2025-07-25T04:28:23.731358+00:00 [queued]>
[2025-07-25T04:28:28.560+0000] {taskinstance.py:2306} INFO - Starting attempt 1 of 3
[2025-07-25T04:28:28.571+0000] {taskinstance.py:2330} INFO - Executing <Task(PythonOperator): upload_data_to_postgres> on 2025-07-25 04:28:23.731358+00:00
[2025-07-25T04:28:28.577+0000] {standard_task_runner.py:63} INFO - Started process 908 to run task
[2025-07-25T04:28:28.580+0000] {standard_task_runner.py:90} INFO - Running: ['***', 'tasks', 'run', 'bank_data_pipeline', 'upload_data_to_postgres', 'manual__2025-07-25T04:28:23.731358+00:00', '--job-id', '30', '--raw', '--subdir', 'DAGS_FOLDER/bank_data_pipeline.py', '--cfg-path', '/tmp/tmp5r782yrb']
[2025-07-25T04:28:28.582+0000] {standard_task_runner.py:91} INFO - Job 30: Subtask upload_data_to_postgres
[2025-07-25T04:28:28.602+0000] {logging_mixin.py:188} WARNING - /home/***/.local/lib/python3.10/site-packages/***/settings.py:195 DeprecationWarning: The sql_alchemy_conn option in [core] has been moved to the sql_alchemy_conn option in [database] - the old setting has been used, but please update your config.
[2025-07-25T04:28:28.674+0000] {task_command.py:426} INFO - Running <TaskInstance: bank_data_pipeline.upload_data_to_postgres manual__2025-07-25T04:28:23.731358+00:00 [running]> on host f91aa71dc96e
[2025-07-25T04:28:28.809+0000] {taskinstance.py:2648} INFO - Exporting env vars: AIRFLOW_CTX_DAG_OWNER='data_engineering_team' AIRFLOW_CTX_DAG_ID='bank_data_pipeline' AIRFLOW_CTX_TASK_ID='upload_data_to_postgres' AIRFLOW_CTX_EXECUTION_DATE='2025-07-25T04:28:23.731358+00:00' AIRFLOW_CTX_TRY_NUMBER='1' AIRFLOW_CTX_DAG_RUN_ID='manual__2025-07-25T04:28:23.731358+00:00'
[2025-07-25T04:28:28.810+0000] {taskinstance.py:430} INFO - ::endgroup::
[2025-07-25T04:28:28.826+0000] {bank_data_pipeline.py:213} INFO - Starting data upload for run manual__2025-07-25T04:28:23.731358+00:00
[2025-07-25T04:28:29.112+0000] {bank_data_pipeline.py:231} INFO - Data upload completed successfully: Upload successful - 139 records uploaded

[2025-07-25T04:28:29.112+0000] {bank_data_pipeline.py:232} INFO - Task completed successfully
[2025-07-25T04:28:29.113+0000] {python.py:237} INFO - Done. Returned value was: {'status': 'success', 'message': 'Data uploaded successfully'}
[2025-07-25T04:28:29.113+0000] {taskinstance.py:441} INFO - ::group::Post task execution logs
[2025-07-25T04:28:29.133+0000] {taskinstance.py:1206} INFO - Marking task as SUCCESS. dag_id=bank_data_pipeline, task_id=upload_data_to_postgres, run_id=manual__2025-07-25T04:28:23.731358+00:00, execution_date=20250725T042823, start_date=20250725T042828, end_date=20250725T042829
[2025-07-25T04:28:29.165+0000] {local_task_job_runner.py:240} INFO - Task exited with return code 0
[2025-07-25T04:28:29.184+0000] {taskinstance.py:3498} INFO - 1 downstream tasks scheduled from follow-on schedule check
[2025-07-25T04:28:29.185+0000] {local_task_job_runner.py:222} INFO - ::endgroup::
