[2025-07-25T04:20:11.362+0000] {local_task_job_runner.py:120} INFO - ::group::Pre task execution logs
[2025-07-25T04:20:11.403+0000] {taskinstance.py:2076} INFO - Dependencies all met for dep_context=non-requeueable deps ti=<TaskInstance: bank_data_pipeline.generate_banking_data_2 manual__2025-07-25T04:20:09.049443+00:00 [queued]>
[2025-07-25T04:20:11.413+0000] {taskinstance.py:2076} INFO - Dependencies all met for dep_context=requeueable deps ti=<TaskInstance: bank_data_pipeline.generate_banking_data_2 manual__2025-07-25T04:20:09.049443+00:00 [queued]>
[2025-07-25T04:20:11.413+0000] {taskinstance.py:2306} INFO - Starting attempt 1 of 3
[2025-07-25T04:20:11.422+0000] {taskinstance.py:2330} INFO - Executing <Task(PythonOperator): generate_banking_data_2> on 2025-07-25 04:20:09.049443+00:00
[2025-07-25T04:20:11.428+0000] {standard_task_runner.py:63} INFO - Started process 675 to run task
[2025-07-25T04:20:11.431+0000] {standard_task_runner.py:90} INFO - Running: ['***', 'tasks', 'run', 'bank_data_pipeline', 'generate_banking_data_2', 'manual__2025-07-25T04:20:09.049443+00:00', '--job-id', '22', '--raw', '--subdir', 'DAGS_FOLDER/bank_data_pipeline.py', '--cfg-path', '/tmp/tmp5dnrrw10']
[2025-07-25T04:20:11.432+0000] {standard_task_runner.py:91} INFO - Job 22: Subtask generate_banking_data_2
[2025-07-25T04:20:11.449+0000] {logging_mixin.py:188} WARNING - /home/***/.local/lib/python3.10/site-packages/***/settings.py:195 DeprecationWarning: The sql_alchemy_conn option in [core] has been moved to the sql_alchemy_conn option in [database] - the old setting has been used, but please update your config.
[2025-07-25T04:20:11.498+0000] {task_command.py:426} INFO - Running <TaskInstance: bank_data_pipeline.generate_banking_data_2 manual__2025-07-25T04:20:09.049443+00:00 [running]> on host f91aa71dc96e
[2025-07-25T04:20:11.615+0000] {taskinstance.py:2648} INFO - Exporting env vars: AIRFLOW_CTX_DAG_OWNER='data_engineering_team_2' AIRFLOW_CTX_DAG_ID='bank_data_pipeline' AIRFLOW_CTX_TASK_ID='generate_banking_data_2' AIRFLOW_CTX_EXECUTION_DATE='2025-07-25T04:20:09.049443+00:00' AIRFLOW_CTX_TRY_NUMBER='1' AIRFLOW_CTX_DAG_RUN_ID='manual__2025-07-25T04:20:09.049443+00:00'
[2025-07-25T04:20:11.616+0000] {taskinstance.py:430} INFO - ::endgroup::
[2025-07-25T04:20:11.632+0000] {bank_data_pipeline.py:71} INFO - Starting data generation for run manual__2025-07-25T04:20:09.049443+00:00
[2025-07-25T04:20:12.564+0000] {bank_data_pipeline.py:88} INFO - Data generation output: 
[2025-07-25T04:20:12.565+0000] {bank_data_pipeline.py:95} INFO - Task completed successfully
[2025-07-25T04:20:12.589+0000] {python.py:237} INFO - Done. Returned value was: {'status': 'success', 'path': '/tmp/generated_data/run_manual__2025-07-25T04_20_09.049443+00_00'}
[2025-07-25T04:20:12.590+0000] {taskinstance.py:441} INFO - ::group::Post task execution logs
[2025-07-25T04:20:12.637+0000] {taskinstance.py:1206} INFO - Marking task as SUCCESS. dag_id=bank_data_pipeline, task_id=generate_banking_data_2, run_id=manual__2025-07-25T04:20:09.049443+00:00, execution_date=20250725T042009, start_date=20250725T042011, end_date=20250725T042012
[2025-07-25T04:20:12.701+0000] {local_task_job_runner.py:240} INFO - Task exited with return code 0
[2025-07-25T04:20:12.726+0000] {taskinstance.py:3498} INFO - 1 downstream tasks scheduled from follow-on schedule check
[2025-07-25T04:20:12.727+0000] {local_task_job_runner.py:222} INFO - ::endgroup::
