[2025-07-25T04:20:09.203+0000] {local_task_job_runner.py:120} INFO - ::group::Pre task execution logs
[2025-07-25T04:20:09.229+0000] {taskinstance.py:2076} INFO - Dependencies all met for dep_context=non-requeueable deps ti=<TaskInstance: bank_data_pipeline.cleanup_and_notify_2 manual__2025-07-25T04:20:02.228816+00:00 [queued]>
[2025-07-25T04:20:09.236+0000] {taskinstance.py:2076} INFO - Dependencies all met for dep_context=requeueable deps ti=<TaskInstance: bank_data_pipeline.cleanup_and_notify_2 manual__2025-07-25T04:20:02.228816+00:00 [queued]>
[2025-07-25T04:20:09.236+0000] {taskinstance.py:2306} INFO - Starting attempt 1 of 3
[2025-07-25T04:20:09.248+0000] {taskinstance.py:2330} INFO - Executing <Task(PythonOperator): cleanup_and_notify_2> on 2025-07-25 04:20:02.228816+00:00
[2025-07-25T04:20:09.254+0000] {standard_task_runner.py:63} INFO - Started process 673 to run task
[2025-07-25T04:20:09.257+0000] {standard_task_runner.py:90} INFO - Running: ['***', 'tasks', 'run', 'bank_data_pipeline', 'cleanup_and_notify_2', 'manual__2025-07-25T04:20:02.228816+00:00', '--job-id', '21', '--raw', '--subdir', 'DAGS_FOLDER/bank_data_pipeline.py', '--cfg-path', '/tmp/tmpri0goojn']
[2025-07-25T04:20:09.259+0000] {standard_task_runner.py:91} INFO - Job 21: Subtask cleanup_and_notify_2
[2025-07-25T04:20:09.274+0000] {logging_mixin.py:188} WARNING - /home/***/.local/lib/python3.10/site-packages/***/settings.py:195 DeprecationWarning: The sql_alchemy_conn option in [core] has been moved to the sql_alchemy_conn option in [database] - the old setting has been used, but please update your config.
[2025-07-25T04:20:09.301+0000] {task_command.py:426} INFO - Running <TaskInstance: bank_data_pipeline.cleanup_and_notify_2 manual__2025-07-25T04:20:02.228816+00:00 [running]> on host f91aa71dc96e
[2025-07-25T04:20:09.374+0000] {taskinstance.py:2648} INFO - Exporting env vars: AIRFLOW_CTX_DAG_OWNER='data_engineering_team_2' AIRFLOW_CTX_DAG_ID='bank_data_pipeline' AIRFLOW_CTX_TASK_ID='cleanup_and_notify_2' AIRFLOW_CTX_EXECUTION_DATE='2025-07-25T04:20:02.228816+00:00' AIRFLOW_CTX_TRY_NUMBER='1' AIRFLOW_CTX_DAG_RUN_ID='manual__2025-07-25T04:20:02.228816+00:00'
[2025-07-25T04:20:09.375+0000] {taskinstance.py:430} INFO - ::endgroup::
[2025-07-25T04:20:09.386+0000] {bank_data_pipeline.py:282} INFO - Pipeline completed successfully for run manual__2025-07-25T04:20:02.228816+00:00
[2025-07-25T04:20:09.386+0000] {bank_data_pipeline.py:283} INFO - Task completed successfully
[2025-07-25T04:20:09.386+0000] {logging_mixin.py:188} INFO - Pipeline completed successfully for run manual__2025-07-25T04:20:02.228816+00:00
[2025-07-25T04:20:09.386+0000] {python.py:237} INFO - Done. Returned value was: {'status': 'success', 'message': 'Pipeline completed successfully'}
[2025-07-25T04:20:09.387+0000] {taskinstance.py:441} INFO - ::group::Post task execution logs
[2025-07-25T04:20:09.405+0000] {taskinstance.py:1206} INFO - Marking task as SUCCESS. dag_id=bank_data_pipeline, task_id=cleanup_and_notify_2, run_id=manual__2025-07-25T04:20:02.228816+00:00, execution_date=20250725T042002, start_date=20250725T042009, end_date=20250725T042009
[2025-07-25T04:20:09.431+0000] {local_task_job_runner.py:240} INFO - Task exited with return code 0
[2025-07-25T04:20:09.445+0000] {taskinstance.py:3498} INFO - 0 downstream tasks scheduled from follow-on schedule check
[2025-07-25T04:20:09.446+0000] {local_task_job_runner.py:222} INFO - ::endgroup::
