[2025-07-25T03:52:05.706+0000] {local_task_job_runner.py:120} INFO - ::group::Pre task execution logs
[2025-07-25T03:52:05.732+0000] {taskinstance.py:2076} INFO - Dependencies all met for dep_context=non-requeueable deps ti=<TaskInstance: bank_data_pipeline.generate_banking_data_2 manual__2025-07-25T03:51:57.881338+00:00 [queued]>
[2025-07-25T03:52:05.739+0000] {taskinstance.py:2076} INFO - Dependencies all met for dep_context=requeueable deps ti=<TaskInstance: bank_data_pipeline.generate_banking_data_2 manual__2025-07-25T03:51:57.881338+00:00 [queued]>
[2025-07-25T03:52:05.739+0000] {taskinstance.py:2306} INFO - Starting attempt 1 of 3
[2025-07-25T03:52:05.749+0000] {taskinstance.py:2330} INFO - Executing <Task(PythonOperator): generate_banking_data_2> on 2025-07-25 03:51:57.881338+00:00
[2025-07-25T03:52:05.754+0000] {standard_task_runner.py:63} INFO - Started process 353 to run task
[2025-07-25T03:52:05.757+0000] {standard_task_runner.py:90} INFO - Running: ['***', 'tasks', 'run', 'bank_data_pipeline', 'generate_banking_data_2', 'manual__2025-07-25T03:51:57.881338+00:00', '--job-id', '7', '--raw', '--subdir', 'DAGS_FOLDER/bank_data_pipeline.py', '--cfg-path', '/tmp/tmpd_wdlkow']
[2025-07-25T03:52:05.759+0000] {standard_task_runner.py:91} INFO - Job 7: Subtask generate_banking_data_2
[2025-07-25T03:52:05.775+0000] {logging_mixin.py:188} WARNING - /home/***/.local/lib/python3.10/site-packages/***/settings.py:195 DeprecationWarning: The sql_alchemy_conn option in [core] has been moved to the sql_alchemy_conn option in [database] - the old setting has been used, but please update your config.
[2025-07-25T03:52:05.803+0000] {task_command.py:426} INFO - Running <TaskInstance: bank_data_pipeline.generate_banking_data_2 manual__2025-07-25T03:51:57.881338+00:00 [running]> on host f91aa71dc96e
[2025-07-25T03:52:05.879+0000] {taskinstance.py:2648} INFO - Exporting env vars: AIRFLOW_CTX_DAG_OWNER='data_engineering_team_2' AIRFLOW_CTX_DAG_ID='bank_data_pipeline' AIRFLOW_CTX_TASK_ID='generate_banking_data_2' AIRFLOW_CTX_EXECUTION_DATE='2025-07-25T03:51:57.881338+00:00' AIRFLOW_CTX_TRY_NUMBER='1' AIRFLOW_CTX_DAG_RUN_ID='manual__2025-07-25T03:51:57.881338+00:00'
[2025-07-25T03:52:05.880+0000] {taskinstance.py:430} INFO - ::endgroup::
[2025-07-25T03:52:05.890+0000] {bank_data_pipeline.py:71} INFO - Starting data generation for run manual__2025-07-25T03:51:57.881338+00:00
[2025-07-25T03:52:06.290+0000] {bank_data_pipeline.py:88} INFO - Data generation output: 
[2025-07-25T03:52:06.291+0000] {bank_data_pipeline.py:95} INFO - Task completed successfully
[2025-07-25T03:52:06.305+0000] {python.py:237} INFO - Done. Returned value was: {'status': 'success', 'path': '/tmp/generated_data/run_manual__2025-07-25T03_51_57.881338+00_00'}
[2025-07-25T03:52:06.305+0000] {taskinstance.py:441} INFO - ::group::Post task execution logs
[2025-07-25T03:52:06.324+0000] {taskinstance.py:1206} INFO - Marking task as SUCCESS. dag_id=bank_data_pipeline, task_id=generate_banking_data_2, run_id=manual__2025-07-25T03:51:57.881338+00:00, execution_date=20250725T035157, start_date=20250725T035205, end_date=20250725T035206
[2025-07-25T03:52:06.372+0000] {local_task_job_runner.py:240} INFO - Task exited with return code 0
[2025-07-25T03:52:06.398+0000] {taskinstance.py:3498} INFO - 1 downstream tasks scheduled from follow-on schedule check
[2025-07-25T03:52:06.399+0000] {local_task_job_runner.py:222} INFO - ::endgroup::
