[2025-07-25T03:52:10.810+0000] {local_task_job_runner.py:120} INFO - ::group::Pre task execution logs
[2025-07-25T03:52:10.836+0000] {taskinstance.py:2076} INFO - Dependencies all met for dep_context=non-requeueable deps ti=<TaskInstance: bank_data_pipeline.cleanup_and_notify_2 manual__2025-07-25T03:51:57.881338+00:00 [queued]>
[2025-07-25T03:52:10.843+0000] {taskinstance.py:2076} INFO - Dependencies all met for dep_context=requeueable deps ti=<TaskInstance: bank_data_pipeline.cleanup_and_notify_2 manual__2025-07-25T03:51:57.881338+00:00 [queued]>
[2025-07-25T03:52:10.843+0000] {taskinstance.py:2306} INFO - Starting attempt 1 of 3
[2025-07-25T03:52:10.854+0000] {taskinstance.py:2330} INFO - Executing <Task(PythonOperator): cleanup_and_notify_2> on 2025-07-25 03:51:57.881338+00:00
[2025-07-25T03:52:10.860+0000] {standard_task_runner.py:63} INFO - Started process 365 to run task
[2025-07-25T03:52:10.863+0000] {standard_task_runner.py:90} INFO - Running: ['***', 'tasks', 'run', 'bank_data_pipeline', 'cleanup_and_notify_2', 'manual__2025-07-25T03:51:57.881338+00:00', '--job-id', '11', '--raw', '--subdir', 'DAGS_FOLDER/bank_data_pipeline.py', '--cfg-path', '/tmp/tmp23vg4tvr']
[2025-07-25T03:52:10.865+0000] {standard_task_runner.py:91} INFO - Job 11: Subtask cleanup_and_notify_2
[2025-07-25T03:52:10.879+0000] {logging_mixin.py:188} WARNING - /home/***/.local/lib/python3.10/site-packages/***/settings.py:195 DeprecationWarning: The sql_alchemy_conn option in [core] has been moved to the sql_alchemy_conn option in [database] - the old setting has been used, but please update your config.
[2025-07-25T03:52:10.910+0000] {task_command.py:426} INFO - Running <TaskInstance: bank_data_pipeline.cleanup_and_notify_2 manual__2025-07-25T03:51:57.881338+00:00 [running]> on host f91aa71dc96e
[2025-07-25T03:52:11.048+0000] {taskinstance.py:2648} INFO - Exporting env vars: AIRFLOW_CTX_DAG_OWNER='data_engineering_team_2' AIRFLOW_CTX_DAG_ID='bank_data_pipeline' AIRFLOW_CTX_TASK_ID='cleanup_and_notify_2' AIRFLOW_CTX_EXECUTION_DATE='2025-07-25T03:51:57.881338+00:00' AIRFLOW_CTX_TRY_NUMBER='1' AIRFLOW_CTX_DAG_RUN_ID='manual__2025-07-25T03:51:57.881338+00:00'
[2025-07-25T03:52:11.048+0000] {taskinstance.py:430} INFO - ::endgroup::
[2025-07-25T03:52:11.065+0000] {bank_data_pipeline.py:282} INFO - Pipeline completed successfully for run manual__2025-07-25T03:51:57.881338+00:00
[2025-07-25T03:52:11.065+0000] {bank_data_pipeline.py:283} INFO - Task completed successfully
[2025-07-25T03:52:11.066+0000] {logging_mixin.py:188} INFO - Pipeline completed successfully for run manual__2025-07-25T03:51:57.881338+00:00
[2025-07-25T03:52:11.066+0000] {python.py:237} INFO - Done. Returned value was: {'status': 'success', 'message': 'Pipeline completed successfully'}
[2025-07-25T03:52:11.066+0000] {taskinstance.py:441} INFO - ::group::Post task execution logs
[2025-07-25T03:52:11.086+0000] {taskinstance.py:1206} INFO - Marking task as SUCCESS. dag_id=bank_data_pipeline, task_id=cleanup_and_notify_2, run_id=manual__2025-07-25T03:51:57.881338+00:00, execution_date=20250725T035157, start_date=20250725T035210, end_date=20250725T035211
[2025-07-25T03:52:11.119+0000] {local_task_job_runner.py:240} INFO - Task exited with return code 0
[2025-07-25T03:52:11.136+0000] {taskinstance.py:3498} INFO - 0 downstream tasks scheduled from follow-on schedule check
[2025-07-25T03:52:11.137+0000] {local_task_job_runner.py:222} INFO - ::endgroup::
