[2025-07-25T03:52:03.252+0000] {local_task_job_runner.py:120} INFO - ::group::Pre task execution logs
[2025-07-25T03:52:03.375+0000] {taskinstance.py:2076} INFO - Dependencies all met for dep_context=non-requeueable deps ti=<TaskInstance: bank_data_pipeline.cleanup_and_notify_2 scheduled__2025-07-24T00:00:00+00:00 [queued]>
[2025-07-25T03:52:03.400+0000] {taskinstance.py:2076} INFO - Dependencies all met for dep_context=requeueable deps ti=<TaskInstance: bank_data_pipeline.cleanup_and_notify_2 scheduled__2025-07-24T00:00:00+00:00 [queued]>
[2025-07-25T03:52:03.400+0000] {taskinstance.py:2306} INFO - Starting attempt 1 of 3
[2025-07-25T03:52:03.416+0000] {taskinstance.py:2330} INFO - Executing <Task(PythonOperator): cleanup_and_notify_2> on 2025-07-24 00:00:00+00:00
[2025-07-25T03:52:03.425+0000] {standard_task_runner.py:63} INFO - Started process 351 to run task
[2025-07-25T03:52:03.428+0000] {standard_task_runner.py:90} INFO - Running: ['***', 'tasks', 'run', 'bank_data_pipeline', 'cleanup_and_notify_2', 'scheduled__2025-07-24T00:00:00+00:00', '--job-id', '6', '--raw', '--subdir', 'DAGS_FOLDER/bank_data_pipeline.py', '--cfg-path', '/tmp/tmpmokmp0ty']
[2025-07-25T03:52:03.429+0000] {standard_task_runner.py:91} INFO - Job 6: Subtask cleanup_and_notify_2
[2025-07-25T03:52:03.443+0000] {logging_mixin.py:188} WARNING - /home/***/.local/lib/python3.10/site-packages/***/settings.py:195 DeprecationWarning: The sql_alchemy_conn option in [core] has been moved to the sql_alchemy_conn option in [database] - the old setting has been used, but please update your config.
[2025-07-25T03:52:03.484+0000] {task_command.py:426} INFO - Running <TaskInstance: bank_data_pipeline.cleanup_and_notify_2 scheduled__2025-07-24T00:00:00+00:00 [running]> on host f91aa71dc96e
[2025-07-25T03:52:03.580+0000] {taskinstance.py:2648} INFO - Exporting env vars: AIRFLOW_CTX_DAG_OWNER='data_engineering_team_2' AIRFLOW_CTX_DAG_ID='bank_data_pipeline' AIRFLOW_CTX_TASK_ID='cleanup_and_notify_2' AIRFLOW_CTX_EXECUTION_DATE='2025-07-24T00:00:00+00:00' AIRFLOW_CTX_TRY_NUMBER='1' AIRFLOW_CTX_DAG_RUN_ID='scheduled__2025-07-24T00:00:00+00:00'
[2025-07-25T03:52:03.580+0000] {taskinstance.py:430} INFO - ::endgroup::
[2025-07-25T03:52:03.609+0000] {bank_data_pipeline.py:282} INFO - Pipeline completed successfully for run scheduled__2025-07-24T00:00:00+00:00
[2025-07-25T03:52:03.609+0000] {bank_data_pipeline.py:283} INFO - Task completed successfully
[2025-07-25T03:52:03.610+0000] {logging_mixin.py:188} INFO - Pipeline completed successfully for run scheduled__2025-07-24T00:00:00+00:00
[2025-07-25T03:52:03.610+0000] {python.py:237} INFO - Done. Returned value was: {'status': 'success', 'message': 'Pipeline completed successfully'}
[2025-07-25T03:52:03.611+0000] {taskinstance.py:441} INFO - ::group::Post task execution logs
[2025-07-25T03:52:03.644+0000] {taskinstance.py:1206} INFO - Marking task as SUCCESS. dag_id=bank_data_pipeline, task_id=cleanup_and_notify_2, run_id=scheduled__2025-07-24T00:00:00+00:00, execution_date=20250724T000000, start_date=20250725T035203, end_date=20250725T035203
[2025-07-25T03:52:03.684+0000] {local_task_job_runner.py:240} INFO - Task exited with return code 0
[2025-07-25T03:52:03.700+0000] {taskinstance.py:3498} INFO - 0 downstream tasks scheduled from follow-on schedule check
[2025-07-25T03:52:03.702+0000] {local_task_job_runner.py:222} INFO - ::endgroup::
